[debug] [2023-11-29T08:40:37.077Z] ----------------------------------------------------------------------
[debug] [2023-11-29T08:40:37.078Z] Command:       /usr/local/bin/node /usr/local/bin/firebase init
[debug] [2023-11-29T08:40:37.078Z] CLI Version:   12.9.1
[debug] [2023-11-29T08:40:37.078Z] Platform:      darwin
[debug] [2023-11-29T08:40:37.078Z] Node Version:  v20.10.0
[debug] [2023-11-29T08:40:37.078Z] Time:          Wed Nov 29 2023 17:40:37 GMT+0900 (대한민국 표준시)
[debug] [2023-11-29T08:40:37.078Z] ----------------------------------------------------------------------
[debug] 
[debug] [2023-11-29T08:40:37.117Z] > command requires scopes: ["email","openid","https://www.googleapis.com/auth/cloudplatformprojects.readonly","https://www.googleapis.com/auth/firebase","https://www.googleapis.com/auth/cloud-platform"]
[debug] [2023-11-29T08:40:37.117Z] > authorizing via signed-in user (minju8261@gmail.com)
[info] 
     ######## #### ########  ######## ########     ###     ######  ########
     ##        ##  ##     ## ##       ##     ##  ##   ##  ##       ##
     ######    ##  ########  ######   ########  #########  ######  ######
     ##        ##  ##    ##  ##       ##     ## ##     ##       ## ##
     ##       #### ##     ## ######## ########  ##     ##  ######  ########

You're about to initialize a Firebase project in this directory:

  /Users/minju/Documents/MINJU/02_Project

Before we get started, keep in mind:

  * You are initializing within an existing Firebase project directory

[info] 
=== Project Setup
[info] 
[info] First, let's associate this project directory with a Firebase project.
[info] You can create multiple project aliases by running firebase use --add, 
[info] but for now we'll just set up a default project.
[info] 
[debug] [2023-11-29T08:40:41.784Z] Using project from CLI flag: kmj-introduce-project
[debug] [2023-11-29T08:40:41.785Z] > refreshing access token with scopes: []
[debug] [2023-11-29T08:40:41.787Z] >>> [apiv2][query] POST https://www.googleapis.com/oauth2/v3/token [none]
[debug] [2023-11-29T08:40:41.787Z] >>> [apiv2][body] POST https://www.googleapis.com/oauth2/v3/token [omitted]
[debug] [2023-11-29T08:40:42.150Z] <<< [apiv2][status] POST https://www.googleapis.com/oauth2/v3/token 200
[debug] [2023-11-29T08:40:42.150Z] <<< [apiv2][body] POST https://www.googleapis.com/oauth2/v3/token [omitted]
[debug] [2023-11-29T08:40:42.163Z] >>> [apiv2][query] GET https://firebase.googleapis.com/v1beta1/projects/kmj-introduce-project [none]
[debug] [2023-11-29T08:40:42.759Z] <<< [apiv2][status] GET https://firebase.googleapis.com/v1beta1/projects/kmj-introduce-project 200
[debug] [2023-11-29T08:40:42.760Z] <<< [apiv2][body] GET https://firebase.googleapis.com/v1beta1/projects/kmj-introduce-project {"projectId":"kmj-introduce-project","projectNumber":"261885101250","displayName":"KMJ-Introduce-project","name":"projects/kmj-introduce-project","resources":{"hostingSite":"kmj-introduce-project"},"state":"ACTIVE","etag":"1_9ec9b2de-a93b-4448-b47e-8cfc65e323ed"}
[info] i  Using project kmj-introduce-project (KMJ-Introduce-project) 
[info] 
=== Hosting Setup
[debug] [2023-11-29T08:40:42.767Z] >>> [apiv2][query] GET https://firebase.googleapis.com/v1beta1/projects/kmj-introduce-project [none]
[debug] [2023-11-29T08:40:43.139Z] <<< [apiv2][status] GET https://firebase.googleapis.com/v1beta1/projects/kmj-introduce-project 200
[debug] [2023-11-29T08:40:43.140Z] <<< [apiv2][body] GET https://firebase.googleapis.com/v1beta1/projects/kmj-introduce-project {"projectId":"kmj-introduce-project","projectNumber":"261885101250","displayName":"KMJ-Introduce-project","name":"projects/kmj-introduce-project","resources":{"hostingSite":"kmj-introduce-project"},"state":"ACTIVE","etag":"1_9ec9b2de-a93b-4448-b47e-8cfc65e323ed"}
[info] 
[info] Your public directory is the folder (relative to your project directory) that
[info] will contain Hosting assets to be uploaded with firebase deploy. If you
[info] have a build process for your assets, use your build's output directory.
[info] 
